
TEXT: cURL Retrieved SSL Certificate:
      * About to connect() to www.ideal-checkout.nl port 443 (#0)
      *   Trying 178.22.59.148... * connected
      * successfully set certificate verify locations:
      *   CAfile: none
        CApath: /etc/ssl/certs
      * SSL connection using ECDHE-RSA-AES256-SHA
      * --- Certificate chain
      *  0 Subject: OU=GT84058518; OU=See www.rapidssl.com/resources/cps (c)14; OU=Domain Control Validated - RapidSSL(R); CN=www.ideal-checkout.nl
      *    Issuer: C=US; O=GeoTrust Inc.; CN=RapidSSL SHA256 CA - G3
      *    Version: 3 (0x2)
      *    Serial Number: 123006 (0x1e07e)
      *    Signature Algorithm: sha256WithRSAEncryption
      *    Start date: 2015-01-25 02:53:29 GMT
      *    Expire date: 2015-08-31 20:22:31 GMT
      *    Public Key Algorithm: rsaEncryption
      *    RSA Public Key (2048 bits)
      *    rsa(n): b6:ee:23:22:56:50:34:5e:db:3a:f1:5f:b7:0d:7f:d4:80:5c:fd:27:fd:01:04:a6:57:bb:3c:58:0c:54:9e:d5:d5:e8:df:bf:15:2d:e3:74:a3:f0:c3:40:3d:e1:fb:2e:d4:58:2a:29:09:15:70:23:7b:ff:32:0e:74:5c:99:c0:bb:73:eb:35:d2:c9:49:ae:19:07:68:54:47:82:b8:a4:37:a2:d2:f0:cf:01:6e:f5:7f:8e:dd:37:11:7c:97:8e:1c:03:34:93:7a:26:8e:10:02:b0:74:47:8d:e2:0b:73:f2:29:c6:13:ea:0d:f0:bc:1a:a0:ea:15:69:36:b3:0c:f5:8a:90:71:3b:f6:5b:b1:31:84:a0:b8:77:31:3f:c8:bd:a4:46:e9:e7:9d:8a:89:23:51:80:bf:04:c4:b8:78:c7:bd:6c:c8:93:fe:38:b2:98:4a:60:a9:1d:e4:07:aa:b9:f0:c5:70:69:d6:d0:8d:e3:66:29:57:c9:0a:b0:20:80:41:f0:74:fd:9b:7a:b5:b9:9b:6f:f3:d4:84:93:b0:37:4e:a0:c1:68:9e:8c:ea:d4:51:32:54:40:9a:1e:9f:f3:f4:a3:79:f4:10:72:7e:1c:b2:27:ab:d0:92:6d:c6:a3:05:b2:2e:dc:67:14:32:09:bd:06:4f:cd:63:42:03:
      *    rsa(e): 01:00:01:
      * X509v3 Authority Key Identifier: 
      *   keyid:C3:9C:F3:FC:D3:46:08:34:BB:CE:46:7F:A0:7C:5B:F3:E2:08:CB:59
      * Authority Information Access: 
      *   OCSP-URI:http://gv.symcd.com, CAIssuers-URI:http://gv.symcb.com/gv.crt
      * X509v3 Key Usage: (critical)
      *   DigitalSignature,KeyEncipherment
      * X509v3 Extended Key Usage: 
      *   TLSWebServerAuthentication,TLSWebClientAuthentication
      * X509v3 Subject Alternative Name: 
      *   DNS:www.ideal-checkout.nl,DNS:ideal-checkout.nl
      * X509v3 CRL Distribution Points: 
      *   , FullName:, URI:http://gv.symcb.com/gv.crl
      * X509v3 Basic Constraints: (critical)
      *   CA:FALSE
      * X509v3 Certificate Policies: 
      *   Policy:2.16.840.1.113733.1.7.54, CPS:https://www.rapidssl.com/legal
      *  Signature: 1c:07:35:7e:5d:ca:28:66:64:d7:c8:e7:5d:9c:d8:fd:b2:88:6d:d8:9b:d9:40:f7:64:a3:65:64:eb:45:29:f1:62:2b:f0:3f:b4:15:b7:ac:34:cb:64:1c:ff:58:eb:f8:8b:a1:e2:95:d5:81:99:64:09:9f:bf:e5:a1:c0:1b:87:ac:da:b2:5a:8f:61:ea:10:96:e8:81:4b:cd:95:ac:57:74:94:9e:4b:a6:f0:93:10:5e:77:4b:06:0d:cb:3c:bd:c2:08:38:7d:5a:38:65:86:84:c6:bb:e1:0d:99:1e:1a:62:22:ee:3a:d9:64:8f:42:6c:c1:45:f9:2b:e0:4d:b9:31:37:9a:9c:9e:cc:df:16:f2:e3:4e:74:e9:0d:65:06:40:6d:9c:79:55:6f:83:a9:a1:f9:ff:39:2c:c7:9a:63:de:d4:d0:6c:5b:f9:38:59:b2:31:ed:9a:70:11:08:47:b5:79:bf:0a:5c:b6:92:35:d2:a2:6d:92:c0:d7:e9:00:c7:7e:e7:56:3e:a3:67:0c:48:19:05:71:ce:99:99:45:fd:af:0e:d4:0d:0d:28:e2:c0:06:f8:b1:59:f4:fa:ba:9c:a6:c0:3a:52:eb:25:b3:5c:37:24:32:9f:8a:95:89:73:93:4a:01:a1:59:7a:b6:8a:60:67:27:cf:ff:de:41:
      * -----BEGIN CERTIFICATE-----
      MIIExDCCA6ygAwIBAgIDAeB+MA0GCSqGSIb3DQEBCwUAMEcxCzAJBgNVBAYTAlVT
      MRYwFAYDVQQKEw1HZW9UcnVzdCBJbmMuMSAwHgYDVQQDExdSYXBpZFNTTCBTSEEy
      NTYgQ0EgLSBHMzAeFw0xNTAxMjUwMjUzMjlaFw0xNTA4MzEyMDIyMzFaMIGZMRMw
      EQYDVQQLEwpHVDg0MDU4NTE4MTEwLwYDVQQLEyhTZWUgd3d3LnJhcGlkc3NsLmNv
      bS9yZXNvdXJjZXMvY3BzIChjKTE0MS8wLQYDVQQLEyZEb21haW4gQ29udHJvbCBW
      YWxpZGF0ZWQgLSBSYXBpZFNTTChSKTEeMBwGA1UEAxMVd3d3LmlkZWFsLWNoZWNr
      b3V0Lm5sMIIBIjANBgkqhkiG9w0BAQEFAAOCAQ8AMIIBCgKCAQEAtu4jIlZQNF7b
      OvFftw1/1IBc/Sf9AQSmV7s8WAxUntXV6N+/FS3jdKPww0A94fsu1FgqKQkVcCN7
      /zIOdFyZwLtz6zXSyUmuGQdoVEeCuKQ3otLwzwFu9X+O3TcRfJeOHAM0k3omjhAC
      sHRHjeILc/IpxhPqDfC8GqDqFWk2swz1ipBxO/ZbsTGEoLh3MT/IvaRG6eediokj
      UYC/BMS4eMe9bMiT/jiymEpgqR3kB6q58MVwadbQjeNmKVfJCrAggEHwdP2berW5
      m2/z1ISTsDdOoMFonozq1FEyVECaHp/z9KN59BByfhyyJ6vQkm3GowWyLtxnFDIJ
      vQZPzWNCAwIDAQABo4IBZDCCAWAwHwYDVR0jBBgwFoAUw5zz/NNGCDS7zkZ/oHxb
      8+IIy1kwVwYIKwYBBQUHAQEESzBJMB8GCCsGAQUFBzABhhNodHRwOi8vZ3Yuc3lt
      Y2QuY29tMCYGCCsGAQUFBzAChhpodHRwOi8vZ3Yuc3ltY2IuY29tL2d2LmNydDAO
      BgNVHQ8BAf8EBAMCBaAwHQYDVR0lBBYwFAYIKwYBBQUHAwEGCCsGAQUFBwMCMDMG
      A1UdEQQsMCqCFXd3dy5pZGVhbC1jaGVja291dC5ubIIRaWRlYWwtY2hlY2tvdXQu
      bmwwKwYDVR0fBCQwIjAgoB6gHIYaaHR0cDovL2d2LnN5bWNiLmNvbS9ndi5jcmww
      DAYDVR0TAQH/BAIwADBFBgNVHSAEPjA8MDoGCmCGSAGG+EUBBzYwLDAqBggrBgEF
      BQcCARYeaHR0cHM6Ly93d3cucmFwaWRzc2wuY29tL2xlZ2FsMA0GCSqGSIb3DQEB
      CwUAA4IBAQAcBzV+XcooZmTXyOddnNj9soht2JvZQPdko2Vk60Up8WIr8D+0Fbes
      NMtkHP9Y6/iLoeKV1YGZZAmfv+WhwBuHrNqyWo9h6hCW6IFLzZWsV3SUnkum8JMQ
      XndLBg3LPL3CCDh9WjhlhoTGu+ENmR4aYiLuOtlkj0JswUX5K+BNuTE3mpyezN8W
      8uNOdOkNZQZAbZx5VW+DqaH5/zksx5pj3tTQbFv5OFmyMe2acBEIR7V5vwpctpI1
      0qJtksDX6QDHfudWPqNnDEgZBXHOmZlF/a8O1A0NKOLABvixWfT6upymwDpS6yWz
      XDckMp+KlYlzk0oBoVl6topgZyfP/95B
      -----END CERTIFICATE-----
      
      *  1 Subject: C=US; O=GeoTrust Inc.; CN=RapidSSL SHA256 CA - G3
      *    Issuer: C=US; O=GeoTrust Inc.; CN=GeoTrust Global CA
      *    Version: 3 (0x2)
      *    Serial Number: 146039 (0x23a77)
      *    Signature Algorithm: sha256WithRSAEncryption
      *    Start date: 2014-08-29 21:39:32 GMT
      *    Expire date: 2022-05-20 21:39:32 GMT
      *    Public Key Algorithm: rsaEncryption
      *    RSA Public Key (2048 bits)
      *    rsa(n): af:54:9b:d9:58:5d:1e:2c:56:c6:d5:e8:7f:f4:7d:16:03:ff:d0:8b:5a:e4:8e:a7:dd:54:2e:d4:04:c0:5d:98:9c:8d:90:0f:bc:10:65:5f:da:9a:d6:44:7c:c0:9f:b5:e9:4a:8c:0b:06:43:04:bb:f4:96:e2:26:f6:61:01:91:66:31:22:c3:34:34:5f:3f:3f:91:2f:44:5f:dc:c7:14:b6:03:9f:86:4b:0e:a3:ff:a0:80:02:83:c3:d3:1f:69:52:d6:9d:64:0f:c9:83:e7:1b:c4:70:ac:94:e7:c3:a4:6a:2c:bd:b8:9e:69:d8:be:0a:8f:16:63:5a:68:71:80:7b:30:de:15:04:bf:cc:d3:bf:3e:48:05:55:7a:b3:d7:10:0c:03:fc:9b:fd:08:a7:8c:8c:db:a7:8e:f1:1e:63:dc:b3:01:2f:7f:af:57:c3:3c:48:a7:83:68:21:a7:2f:e7:a7:3f:f0:b5:0c:fc:f5:84:d1:53:bc:0e:72:4f:60:0c:42:b8:98:ad:19:88:57:d7:04:ec:87:bf:7e:87:4e:a3:21:f9:53:fd:36:98:48:8d:d6:f8:bb:48:f2:29:c8:64:d1:cc:54:48:53:8b:af:b7:65:1e:bf:29:33:29:d9:29:60:48:f8:ff:91:bc:57:58:e5:35:2e:bb:69:b6:59:
      *    rsa(e): 01:00:01:
      * X509v3 Authority Key Identifier: 
      *   keyid:C0:7A:98:68:8D:89:FB:AB:05:64:0C:11:7D:AA:7D:65:B8:CA:CC:4E
      * X509v3 Subject Key Identifier: 
      *   C3:9C:F3:FC:D3:46:08:34:BB:CE:46:7F:A0:7C:5B:F3:E2:08:CB:59
      * X509v3 Basic Constraints: (critical)
      *   CA:TRUE,pathlen:0
      * X509v3 Key Usage: (critical)
      *   CertificateSign,CRLSign
      * X509v3 CRL Distribution Points: 
      *   , FullName:, URI:http://g.symcb.com/crls/gtglobal.crl
      * Authority Information Access: 
      *   OCSP-URI:http://g.symcd.com
      * X509v3 Certificate Policies: 
      *   Policy:2.16.840.1.113733.1.7.54, CPS:http://www.geotrust.com/resources/cps
      *  Signature: a3:58:1e:c6:43:32:ac:ac:2f:93:78:b7:ea:ae:54:40:47:2d:7e:78:8d:50:f6:f8:66:ac:d6:4f:73:d6:44:ef:af:0b:cc:5b:c1:f4:4f:9a:8f:49:7e:60:af:c2:27:c7:16:f1:fb:93:81:90:a9:7c:ef:6f:7e:6e:45:94:16:84:bd:ec:49:f1:c4:0e:f4:af:04:59:83:87:0f:2c:3b:97:c3:5a:12:9b:7b:04:35:7b:a3:95:33:08:7b:93:71:22:42:b3:a9:d9:6f:4f:81:92:fc:07:b6:79:bc:84:4a:9d:77:09:f1:c5:89:f2:f0:b4:9c:54:aa:12:7b:0d:ba:4f:ef:93:19:ec:ef:7d:4e:61:a3:8e:76:9c:59:cf:8c:94:b1:84:97:f7:1a:b9:07:b8:b2:c6:4f:13:79:db:bf:4f:51:1b:7f:69:0d:51:2a:c1:d6:15:ff:37:51:34:65:51:f4:1e:be:38:6a:ec:0e:ab:bf:3d:7b:39:05:7b:f4:f3:fb:1a:a1:d0:c8:7e:4e:64:8d:cd:8c:61:55:90:fe:3a:ca:5d:25:0f:f8:1d:a3:4a:74:56:4f:1a:55:40:70:75:25:a6:33:2e:ba:4b:a5:5d:53:9a:0d:30:e1:8d:5f:61:2c:af:cc:ef:b0:99:a1:80:ff:0b:f2:62:4c:70:26:98:
      * -----BEGIN CERTIFICATE-----
      MIIEJTCCAw2gAwIBAgIDAjp3MA0GCSqGSIb3DQEBCwUAMEIxCzAJBgNVBAYTAlVT
      MRYwFAYDVQQKEw1HZW9UcnVzdCBJbmMuMRswGQYDVQQDExJHZW9UcnVzdCBHbG9i
      YWwgQ0EwHhcNMTQwODI5MjEzOTMyWhcNMjIwNTIwMjEzOTMyWjBHMQswCQYDVQQG
      EwJVUzEWMBQGA1UEChMNR2VvVHJ1c3QgSW5jLjEgMB4GA1UEAxMXUmFwaWRTU0wg
      U0hBMjU2IENBIC0gRzMwggEiMA0GCSqGSIb3DQEBAQUAA4IBDwAwggEKAoIBAQCv
      VJvZWF0eLFbG1eh/9H0WA//Qi1rkjqfdVC7UBMBdmJyNkA+8EGVf2prWRHzAn7Xp
      SowLBkMEu/SW4ib2YQGRZjEiwzQ0Xz8/kS9EX9zHFLYDn4ZLDqP/oIACg8PTH2lS
      1p1kD8mD5xvEcKyU58Okaiy9uJ5p2L4KjxZjWmhxgHsw3hUEv8zTvz5IBVV6s9cQ
      DAP8m/0Ip4yM26eO8R5j3LMBL3+vV8M8SKeDaCGnL+enP/C1DPz1hNFTvA5yT2AM
      QriYrRmIV9cE7Ie/fodOoyH5U/02mEiN1vi7SPIpyGTRzFRIU4uvt2UevykzKdkp
      YEj4/5G8V1jlNS67abZZAgMBAAGjggEdMIIBGTAfBgNVHSMEGDAWgBTAephojYn7
      qwVkDBF9qn1luMrMTjAdBgNVHQ4EFgQUw5zz/NNGCDS7zkZ/oHxb8+IIy1kwEgYD
      VR0TAQH/BAgwBgEB/wIBADAOBgNVHQ8BAf8EBAMCAQYwNQYDVR0fBC4wLDAqoCig
      JoYkaHR0cDovL2cuc3ltY2IuY29tL2NybHMvZ3RnbG9iYWwuY3JsMC4GCCsGAQUF
      BwEBBCIwIDAeBggrBgEFBQcwAYYSaHR0cDovL2cuc3ltY2QuY29tMEwGA1UdIARF
      MEMwQQYKYIZIAYb4RQEHNjAzMDEGCCsGAQUFBwIBFiVodHRwOi8vd3d3Lmdlb3Ry
      dXN0LmNvbS9yZXNvdXJjZXMvY3BzMA0GCSqGSIb3DQEBCwUAA4IBAQCjWB7GQzKs
      rC+TeLfqrlRARy1+eI1Q9vhmrNZPc9ZE768LzFvB9E+aj0l+YK/CJ8cW8fuTgZCp
      fO9vfm5FlBaEvexJ8cQO9K8EWYOHDyw7l8NaEpt7BDV7o5UzCHuTcSJCs6nZb0+B
      kvwHtnm8hEqddwnxxYny8LScVKoSew26T++TGezvfU5ho452nFnPjJSxhJf3GrkH
      uLLGTxN5279PURt/aQ1RKsHWFf83UTRlUfQevjhq7A6rvz17OQV79PP7GqHQyH5O
      ZI3NjGFVkP46yl0lD/gdo0p0Vk8aVUBwdSWmMy66S6VdU5oNMOGNX2Esr8zvsJmh
      gP8L8mJMcCaY
      -----END CERTIFICATE-----
      
      *  2 Subject: C=US; O=GeoTrust Inc.; CN=GeoTrust Global CA
      *    Issuer: C=US; O=Equifax; OU=Equifax Secure Certificate Authority
      *    Version: 3 (0x2)
      *    Serial Number: 1227750 (0x12bbe6)
      *    Signature Algorithm: sha1WithRSAEncryption
      *    Start date: 2002-05-21 04:00:00 GMT
      *    Expire date: 2018-08-21 04:00:00 GMT
      *    Public Key Algorithm: rsaEncryption
      *    RSA Public Key (2048 bits)
      *    rsa(n): da:cc:18:63:30:fd:f4:17:23:1a:56:7e:5b:df:3c:6c:38:e4:71:b7:78:91:d4:bc:a1:d8:4c:f8:a8:43:b6:03:e9:4d:21:07:08:88:da:58:2f:66:39:29:bd:05:78:8b:9d:38:e8:05:b7:6a:7e:71:a4:e6:c4:60:a6:b0:ef:80:e4:89:28:0f:9e:25:d6:ed:83:f3:ad:a6:91:c7:98:c9:42:18:35:14:9d:ad:98:46:92:2e:4f:ca:f1:87:43:c1:16:95:57:2d:50:ef:89:2d:80:7a:57:ad:f2:ee:5f:6b:d2:00:8d:b9:14:f8:14:15:35:d9:c0:46:a3:7b:72:c8:91:bf:c9:55:2b:cd:d0:97:3e:9c:26:64:cc:df:ce:83:19:71:ca:4e:e6:d4:d5:7b:a9:19:cd:55:de:c8:ec:d2:5e:38:53:e5:5c:4f:8c:2d:fe:50:23:36:fc:66:e6:cb:8e:a4:39:19:00:b7:95:02:39:91:0b:0e:fe:38:2e:d1:1d:05:9a:f6:4d:3e:6f:0f:07:1d:af:2c:1e:8f:60:39:e2:fa:36:53:13:39:d4:5e:26:2b:db:3d:a8:14:bd:32:eb:18:03:28:52:04:71:e5:ab:33:3d:e1:38:bb:07:36:84:62:9c:79:ea:16:30:f4:5f:c0:2b:e8:71:6b:e4:f9:
      *    rsa(e): 01:00:01:
      * X509v3 Authority Key Identifier: 
      *   keyid:48:E6:68:F9:2B:D2:B2:95:D7:47:D8:23:20:10:4F:33:98:90:9F:D4
      * X509v3 Subject Key Identifier: 
      *   C0:7A:98:68:8D:89:FB:AB:05:64:0C:11:7D:AA:7D:65:B8:CA:CC:4E
      * X509v3 Basic Constraints: (critical)
      *   CA:TRUE
      * X509v3 Key Usage: (critical)
      *   CertificateSign,CRLSign
      * X509v3 CRL Distribution Points: 
      *   , FullName:, URI:http://crl.geotrust.com/crls/secureca.crl
      * X509v3 Certificate Policies: 
      *   Policy:X509v3AnyPolicy, CPS:https://www.geotrust.com/resources/repository
      *  Signature: 76:e1:12:6e:4e:4b:16:12:86:30:06:b2:81:08:cf:f0:08:c7:c7:71:7e:66:ee:c2:ed:d4:3b:1f:ff:f0:f0:c8:4e:d6:43:38:b0:b9:30:7d:18:d0:55:83:a2:6a:cb:36:11:9c:e8:48:66:a3:6d:7f:b8:13:d4:47:fe:8b:5a:5c:73:fc:ae:d9:1b:32:19:38:ab:97:34:14:aa:96:d2:eb:a3:1c:14:08:49:b6:bb:e5:91:ef:83:36:eb:1d:56:6f:ca:da:bc:73:63:90:e4:7f:7b:3e:22:cb:3d:07:ed:5f:38:74:9c:e3:03:50:4e:a1:af:98:ee:61:f2:84:3f:12:
      * -----BEGIN CERTIFICATE-----
      MIIDfTCCAuagAwIBAgIDErvmMA0GCSqGSIb3DQEBBQUAME4xCzAJBgNVBAYTAlVT
      MRAwDgYDVQQKEwdFcXVpZmF4MS0wKwYDVQQLEyRFcXVpZmF4IFNlY3VyZSBDZXJ0
      aWZpY2F0ZSBBdXRob3JpdHkwHhcNMDIwNTIxMDQwMDAwWhcNMTgwODIxMDQwMDAw
      WjBCMQswCQYDVQQGEwJVUzEWMBQGA1UEChMNR2VvVHJ1c3QgSW5jLjEbMBkGA1UE
      AxMSR2VvVHJ1c3QgR2xvYmFsIENBMIIBIjANBgkqhkiG9w0BAQEFAAOCAQ8AMIIB
      CgKCAQEA2swYYzD99BcjGlZ+W988bDjkcbd4kdS8odhM+KhDtgPpTSEHCIjaWC9m
      OSm9BXiLnTjoBbdqfnGk5sRgprDvgOSJKA+eJdbtg/OtppHHmMlCGDUUna2YRpIu
      T8rxh0PBFpVXLVDviS2Aelet8u5fa9IAjbkU+BQVNdnARqN7csiRv8lVK83Qlz6c
      JmTM386DGXHKTubU1XupGc1V3sjs0l44U+VcT4wt/lAjNvxm5suOpDkZALeVAjmR
      Cw7+OC7RHQWa9k0+bw8HHa8sHo9gOeL6NlMTOdReJivbPagUvTLrGAMoUgRx5asz
      PeE4uwc2hGKceeoWMPRfwCvocWvk+QIDAQABo4HwMIHtMB8GA1UdIwQYMBaAFEjm
      aPkr0rKV10fYIyAQTzOYkJ/UMB0GA1UdDgQWBBTAephojYn7qwVkDBF9qn1luMrM
      TjAPBgNVHRMBAf8EBTADAQH/MA4GA1UdDwEB/wQEAwIBBjA6BgNVHR8EMzAxMC+g
      LaArhilodHRwOi8vY3JsLmdlb3RydXN0LmNvbS9jcmxzL3NlY3VyZWNhLmNybDBO
      BgNVHSAERzBFMEMGBFUdIAAwOzA5BggrBgEFBQcCARYtaHR0cHM6Ly93d3cuZ2Vv
      dHJ1c3QuY29tL3Jlc291cmNlcy9yZXBvc2l0b3J5MA0GCSqGSIb3DQEBBQUAA4GB
      AHbhEm5OSxYShjAGsoEIz/AIx8dxfmbuwu3UOx//8PDITtZDOLC5MH0Y0FWDomrL
      NhGc6Ehmo21/uBPUR/6LWlxz/K7ZGzIZOKuXNBSqltLroxwUCEm2u+WR74M26x1W
      b8ravHNjkOR/ez4iyz0H7V84dJzjA1BOoa+Y7mHyhD8S
      -----END CERTIFICATE-----
      pted
      * Server certificate:
      * 	 subject: OU=GT84058518; OU=See www.rapidssl.com/resources/cps (c)14; OU=Domain Control Validated - RapidSSL(R); CN=www.ideal-checkout.nl
      * 	 start date: 2015-01-25 02:53:29 GMT
      * 	 expire date: 2015-08-31 20:22:31 GMT
      * 	 subjectAltName: www.ideal-checkout.nl matched
      * 	 issuer: C=US; O=GeoTrust Inc.; CN=RapidSSL SHA256 CA - G3
      * 	 SSL certificate verify ok.
      > POST /ping.php HTTP/1.1
      Host: www.ideal-checkout.nl
      Accept: */*
      Content-Length: 80
      Content-Type: application/x-www-form-urlencoded
      
      * upload completely sent off: 80out of 80 bytes
      < HTTP/1.1 200 OK
      < Date: Tue, 18 Aug 2015 08:26:57 GMT
      < Server: Apache/2
      < Vary: User-Agent
      < Content-Length: 2
      < Content-Type: text/html
      < 
      * Connection #0 to host www.ideal-checkout.nl left intact
FILE: /var/www/vhosts/hollandgold.nl/idealcheckout/includes/library.php
LINE: 672


TEXT: Firewall check completed, status: OK
FILE: /var/www/vhosts/hollandgold.nl/idealcheckout/install/includes/install.php
LINE: 483


TEXT: LOCAL: Creating file: /var/www/vhosts/hollandgold.nl/idealcheckout/configuration/database.php
FILE: /var/www/vhosts/hollandgold.nl/idealcheckout/install/includes/install.php
LINE: 767


TEXT: LOCAL: Creating file: /var/www/vhosts/hollandgold.nl/idealcheckout/configuration/install.php
FILE: /var/www/vhosts/hollandgold.nl/idealcheckout/install/includes/install.php
LINE: 767


TEXT: Running installation.
FILE: /var/www/vhosts/hollandgold.nl/idealcheckout/install/includes/install.php
LINE: 427


TEXT: Changing CHMOD for: /var/www/vhosts/hollandgold.nl/idealcheckout/configuration/afterpay.php
FILE: /var/www/vhosts/hollandgold.nl/idealcheckout/install/includes/install.php
LINE: 434


TEXT: Changing CHMOD for: /var/www/vhosts/hollandgold.nl/idealcheckout/configuration/authorizedtransfer.php
FILE: /var/www/vhosts/hollandgold.nl/idealcheckout/install/includes/install.php
LINE: 434


TEXT: Changing CHMOD for: /var/www/vhosts/hollandgold.nl/idealcheckout/configuration/cartebleue.php
FILE: /var/www/vhosts/hollandgold.nl/idealcheckout/install/includes/install.php
LINE: 434


TEXT: Changing CHMOD for: /var/www/vhosts/hollandgold.nl/idealcheckout/configuration/clickandbuy.php
FILE: /var/www/vhosts/hollandgold.nl/idealcheckout/install/includes/install.php
LINE: 434


TEXT: Changing CHMOD for: /var/www/vhosts/hollandgold.nl/idealcheckout/configuration/creditcard.php
FILE: /var/www/vhosts/hollandgold.nl/idealcheckout/install/includes/install.php
LINE: 434


TEXT: Changing CHMOD for: /var/www/vhosts/hollandgold.nl/idealcheckout/configuration/database.php
FILE: /var/www/vhosts/hollandgold.nl/idealcheckout/install/includes/install.php
LINE: 434


TEXT: Changing CHMOD for: /var/www/vhosts/hollandgold.nl/idealcheckout/configuration/directebanking.php
FILE: /var/www/vhosts/hollandgold.nl/idealcheckout/install/includes/install.php
LINE: 434


TEXT: Changing CHMOD for: /var/www/vhosts/hollandgold.nl/idealcheckout/configuration/ebon.php
FILE: /var/www/vhosts/hollandgold.nl/idealcheckout/install/includes/install.php
LINE: 434


TEXT: Changing CHMOD for: /var/www/vhosts/hollandgold.nl/idealcheckout/configuration/fasterpay.php
FILE: /var/www/vhosts/hollandgold.nl/idealcheckout/install/includes/install.php
LINE: 434


TEXT: Changing CHMOD for: /var/www/vhosts/hollandgold.nl/idealcheckout/configuration/giropay.php
FILE: /var/www/vhosts/hollandgold.nl/idealcheckout/install/includes/install.php
LINE: 434


TEXT: Changing CHMOD for: /var/www/vhosts/hollandgold.nl/idealcheckout/configuration/ideal.php
FILE: /var/www/vhosts/hollandgold.nl/idealcheckout/install/includes/install.php
LINE: 434


TEXT: Changing CHMOD for: /var/www/vhosts/hollandgold.nl/idealcheckout/configuration/maestro.php
FILE: /var/www/vhosts/hollandgold.nl/idealcheckout/install/includes/install.php
LINE: 434


TEXT: Changing CHMOD for: /var/www/vhosts/hollandgold.nl/idealcheckout/configuration/manualtransfer.php
FILE: /var/www/vhosts/hollandgold.nl/idealcheckout/install/includes/install.php
LINE: 434


TEXT: Changing CHMOD for: /var/www/vhosts/hollandgold.nl/idealcheckout/configuration/mastercard.php
FILE: /var/www/vhosts/hollandgold.nl/idealcheckout/install/includes/install.php
LINE: 434


TEXT: Changing CHMOD for: /var/www/vhosts/hollandgold.nl/idealcheckout/configuration/minitix.php
FILE: /var/www/vhosts/hollandgold.nl/idealcheckout/install/includes/install.php
LINE: 434


TEXT: Changing CHMOD for: /var/www/vhosts/hollandgold.nl/idealcheckout/configuration/mistercash.php
FILE: /var/www/vhosts/hollandgold.nl/idealcheckout/install/includes/install.php
LINE: 434


TEXT: Changing CHMOD for: /var/www/vhosts/hollandgold.nl/idealcheckout/configuration/paypal.php
FILE: /var/www/vhosts/hollandgold.nl/idealcheckout/install/includes/install.php
LINE: 434


TEXT: Changing CHMOD for: /var/www/vhosts/hollandgold.nl/idealcheckout/configuration/paysafecard.php
FILE: /var/www/vhosts/hollandgold.nl/idealcheckout/install/includes/install.php
LINE: 434


TEXT: Changing CHMOD for: /var/www/vhosts/hollandgold.nl/idealcheckout/configuration/postepay.php
FILE: /var/www/vhosts/hollandgold.nl/idealcheckout/install/includes/install.php
LINE: 434


TEXT: Changing CHMOD for: /var/www/vhosts/hollandgold.nl/idealcheckout/configuration/visa.php
FILE: /var/www/vhosts/hollandgold.nl/idealcheckout/install/includes/install.php
LINE: 434


TEXT: Changing CHMOD for: /var/www/vhosts/hollandgold.nl/idealcheckout/configuration/vpay.php
FILE: /var/www/vhosts/hollandgold.nl/idealcheckout/install/includes/install.php
LINE: 434


TEXT: Changing CHMOD for: /var/www/vhosts/hollandgold.nl/idealcheckout/configuration/webshopgiftcard.php
FILE: /var/www/vhosts/hollandgold.nl/idealcheckout/install/includes/install.php
LINE: 434


TEXT: Changing CHMOD for: /var/www/vhosts/hollandgold.nl/idealcheckout/temp
FILE: /var/www/vhosts/hollandgold.nl/idealcheckout/install/includes/install.php
LINE: 434


TEXT: Changing CHMOD for: /var/www/vhosts/hollandgold.nl/idealcheckout/temp/issuers.cache
FILE: /var/www/vhosts/hollandgold.nl/idealcheckout/install/includes/install.php
LINE: 434


TEXT: Creating database table #_idealcheckout
FILE: /var/www/vhosts/hollandgold.nl/idealcheckout/install/includes/install.php
LINE: 439


TEXT: Primary installation completed.
FILE: /var/www/vhosts/hollandgold.nl/idealcheckout/install/includes/install.php
LINE: 467

