
TEXT: array (
      )
FILE: /home/hollandgold/domains/hollandgold.nl/public_html/idealcheckout/includes/init.php
LINE: 21


TEXT: array (
      )
FILE: /home/hollandgold/domains/hollandgold.nl/public_html/idealcheckout/includes/init.php
LINE: 22


TEXT: Loading gateway: /home/hollandgold/domains/hollandgold.nl/public_html/idealcheckout/gateways/ideal-professional-v3/gateway.cls.php
FILE: /home/hollandgold/domains/hollandgold.nl/public_html/idealcheckout/includes/init.php
LINE: 265


TEXT: array (
      )
FILE: /home/hollandgold/domains/hollandgold.nl/public_html/idealcheckout/includes/init.php
LINE: 21


TEXT: array (
      )
FILE: /home/hollandgold/domains/hollandgold.nl/public_html/idealcheckout/includes/init.php
LINE: 22


TEXT: Loading gateway: /home/hollandgold/domains/hollandgold.nl/public_html/idealcheckout/gateways/ideal-professional-v3/gateway.cls.php
FILE: /home/hollandgold/domains/hollandgold.nl/public_html/idealcheckout/includes/init.php
LINE: 265


TEXT: array (
      )
FILE: /home/hollandgold/domains/hollandgold.nl/public_html/idealcheckout/includes/init.php
LINE: 21


TEXT: array (
      )
FILE: /home/hollandgold/domains/hollandgold.nl/public_html/idealcheckout/includes/init.php
LINE: 22


TEXT: Loading gateway: /home/hollandgold/domains/hollandgold.nl/public_html/idealcheckout/gateways/ideal-professional-v3/gateway.cls.php
FILE: /home/hollandgold/domains/hollandgold.nl/public_html/idealcheckout/includes/init.php
LINE: 265


TEXT: array (
      )
FILE: /home/hollandgold/domains/hollandgold.nl/public_html/idealcheckout/includes/init.php
LINE: 21


TEXT: array (
      )
FILE: /home/hollandgold/domains/hollandgold.nl/public_html/idealcheckout/includes/init.php
LINE: 22


TEXT: Loading gateway: /home/hollandgold/domains/hollandgold.nl/public_html/idealcheckout/gateways/ideal-professional-v3/gateway.cls.php
FILE: /home/hollandgold/domains/hollandgold.nl/public_html/idealcheckout/includes/init.php
LINE: 265


TEXT: array (
      )
FILE: /home/hollandgold/domains/hollandgold.nl/public_html/idealcheckout/includes/init.php
LINE: 21


TEXT: array (
      )
FILE: /home/hollandgold/domains/hollandgold.nl/public_html/idealcheckout/includes/init.php
LINE: 22


TEXT: Loading gateway: /home/hollandgold/domains/hollandgold.nl/public_html/idealcheckout/gateways/ideal-professional-v3/gateway.cls.php
FILE: /home/hollandgold/domains/hollandgold.nl/public_html/idealcheckout/includes/init.php
LINE: 265


TEXT: array (
      )
FILE: /home/hollandgold/domains/hollandgold.nl/public_html/idealcheckout/includes/init.php
LINE: 21


TEXT: array (
      )
FILE: /home/hollandgold/domains/hollandgold.nl/public_html/idealcheckout/includes/init.php
LINE: 22


TEXT: Loading gateway: /home/hollandgold/domains/hollandgold.nl/public_html/idealcheckout/gateways/ideal-professional-v3/gateway.cls.php
FILE: /home/hollandgold/domains/hollandgold.nl/public_html/idealcheckout/includes/init.php
LINE: 265


TEXT: array (
      )
FILE: /home/hollandgold/domains/hollandgold.nl/public_html/idealcheckout/includes/init.php
LINE: 21


TEXT: array (
      )
FILE: /home/hollandgold/domains/hollandgold.nl/public_html/idealcheckout/includes/init.php
LINE: 22


TEXT: Loading gateway: /home/hollandgold/domains/hollandgold.nl/public_html/idealcheckout/gateways/ideal-professional-v3/gateway.cls.php
FILE: /home/hollandgold/domains/hollandgold.nl/public_html/idealcheckout/includes/init.php
LINE: 265

