
TEXT: cURL Retrieved SSL Certificate:
      * Hostname was NOT found in DNS cache
      *   Trying 89.106.184.15...
      * Connected to ideal.secure-ing.com (89.106.184.15) port 443 (#0)
      * successfully set certificate verify locations:
      *   CAfile: none
        CApath: /etc/ssl/certs
      * SSL connection using TLSv1.2 / ECDHE-RSA-AES256-GCM-SHA384
      * --- Certificate chain
      *  0 Subject: C=NL; ST=Noord-Holland; L=Amsterdam Zuidoost; O=ING BANK N.V.; OU=ING BANK N.V.; CN=ideal.secure-ing.com
      *    Issuer: C=US; O=Symantec Corporation; OU=Symantec Trust Network; CN=Symantec Class 3 Secure Server CA - G4
      *    Version: 3 (0x2)
      *    Serial Number: 
      *    Signature Algorithm: sha256WithRSAEncryption
      *    Start date: 2015-03-27 00:00:00 GMT
      *    Expire date: 2017-04-21 23:59:59 GMT
      *    Public Key Algorithm: rsaEncryption
      *    RSA Public Key (2048 bits)
      *    rsa(n): c6:89:2c:fd:4b:c3:d1:2d:ed:5d:02:1a:d2:7b:8a:2f:6c:6f:b7:cc:66:b5:eb:38:46:b2:9e:84:0e:33:02:04:cc:77:6b:e3:96:9a:92:ef:1a:2c:83:1c:c7:21:0b:26:bd:11:37:d7:87:a8:54:1e:88:07:4a:8a:94:aa:4d:1e:cd:67:2e:d1:c5:56:90:d6:31:50:2b:9b:05:0b:95:f4:fb:91:fa:60:68:9f:2a:e8:b3:e2:70:53:f9:fd:58:90:3b:7f:a4:38:c2:38:b2:f0:8a:81:4f:c8:95:21:83:0f:7f:58:30:9e:aa:8b:2a:8f:89:d6:79:9b:6d:16:ef:38:88:bf:a1:17:a4:26:f5:5d:cb:03:e2:9a:65:0c:be:e1:0c:08:1e:7b:38:6e:71:0b:4a:6e:91:e7:0c:24:74:61:2d:51:53:17:99:a1:61:db:7b:14:a7:7a:ce:94:b7:b4:76:9e:95:72:4b:05:14:0d:c6:f2:d1:5a:05:12:c7:77:ad:f0:5b:92:45:93:f3:68:56:8c:30:61:57:19:2c:33:95:7a:b1:00:8d:5e:4a:08:6a:ea:78:bd:cb:25:7c:cc:00:d7:df:fc:2c:53:49:7f:1e:e8:5b:60:68:cb:4b:05:27:05:e3:40:dd:f8:09:01:c4:f5:a0:33:4b:44:62:e9:
      *    rsa(e): 01:00:01:
      * X509v3 Subject Alternative Name: 
      *   DNS:ideal.secure-ing.com
      * X509v3 Basic Constraints: 
      *   CA:FALSE
      * X509v3 Key Usage: (critical)
      *   DigitalSignature,KeyEncipherment
      * X509v3 Extended Key Usage: 
      *   TLSWebServerAuthentication,TLSWebClientAuthentication
      * X509v3 Certificate Policies: 
      *   Policy:2.16.840.1.113733.1.7.54, CPS:https://d.symcb.com/cps, UserNotice:, ExplicitText:https://d.symcb.com/rpa
      * X509v3 Authority Key Identifier: 
      *   keyid:5F:60:CF:61:90:55:DF:84:43:14:8A:60:2A:B2:F5:7A:F4:43:18:EF
      * X509v3 CRL Distribution Points: 
      *   , FullName:, URI:http://ss.symcb.com/ss.crl
      * Authority Information Access: 
      *   OCSP-URI:http://ss.symcd.com, CAIssuers-URI:http://ss.symcb.com/ss.crt
      *  Signature: 8a:e6:b0:54:4e:26:05:35:bf:68:53:83:00:13:48:ea:c3:55:6e:eb:8e:7d:22:6f:8b:31:cd:d7:94:b7:e5:de:34:6e:4c:32:1a:fa:aa:85:cd:57:0a:61:64:91:51:18:db:92:f8:8b:6c:2b:8f:6b:88:2c:89:a6:c2:e1:7d:c9:9b:eb:93:85:24:f9:30:08:1a:bf:86:d6:ed:b9:72:b1:ca:69:84:58:7c:08:d1:6f:32:34:20:92:14:3e:fc:ea:c0:a4:43:1c:89:bc:9c:d8:ec:20:b6:52:1d:da:31:b2:26:fb:16:e8:e5:fe:c7:6d:bd:23:94:44:50:af:74:90:33:34:cd:de:f8:06:52:a0:98:a6:b2:7d:a7:c6:ca:9d:3d:46:f9:44:7c:65:a2:9a:03:3a:65:89:81:32:37:24:cd:b0:30:eb:eb:6b:42:e7:70:8c:cc:e4:f0:0b:8b:38:01:73:50:07:6d:37:c6:32:38:42:8c:21:00:51:1d:a6:59:8b:06:4b:66:a6:63:83:08:22:d6:39:05:1e:a8:98:74:d7:3c:9f:f8:60:f3:6b:e9:71:e4:d3:49:6f:92:d0:4d:5c:ce:d3:76:c7:c8:37:fa:21:4e:64:49:3c:32:b4:69:36:44:29:88:d0:c6:7e:63:21:01:b8:58:69:64:cb:
      *  1 Subject: C=US; O=Symantec Corporation; OU=Symantec Trust Network; CN=Symantec Class 3 Secure Server CA - G4
      *    Issuer: C=US; O=VeriSign, Inc.; OU=VeriSign Trust Network; OU=(c) 2006 VeriSign, Inc. - For authorized use only; CN=VeriSign Class 3 Public Primary Certification Authority - G5
      *    Version: 3 (0x2)
      *    Serial Number: 
      *    Signature Algorithm: sha256WithRSAEncryption
      *    Start date: 2013-10-31 00:00:00 GMT
      *    Expire date: 2023-10-30 23:59:59 GMT
      *    Public Key Algorithm: rsaEncryption
      *    RSA Public Key (2048 bits)
      *    rsa(n): b2:d8:05:ca:1c:74:2d:b5:17:56:39:c5:4a:52:09:96:e8:4b:d8:0c:f1:68:9f:9a:42:28:62:c3:a5:30:53:7e:55:11:82:5b:03:7a:0d:2f:e1:79:04:c9:b4:96:77:19:81:01:94:59:f9:bc:f7:7a:99:27:82:2d:b7:83:dd:5a:27:7f:b2:03:7a:9c:53:25:e9:48:1f:46:4f:c8:9d:29:f8:be:79:56:f6:f7:fd:d9:3a:68:da:8b:4b:82:33:41:12:c3:c8:3c:cc:d6:96:7a:84:21:1a:22:04:03:27:17:8b:1c:68:61:93:0f:0e:51:80:33:1d:b4:b5:ce:eb:7e:d0:62:ac:ee:b3:7b:01:74:ef:69:35:eb:ca:d5:3d:a9:ee:97:98:ca:8d:aa:44:0e:25:99:4a:15:96:a4:ce:6d:02:54:1f:2a:6a:26:e2:06:3a:63:48:ac:b4:4c:d1:75:93:50:ff:13:2f:d6:da:e1:c6:18:f5:9f:c9:25:5d:f3:00:3a:de:26:4d:b4:29:09:cd:0f:3d:23:6f:16:4a:81:16:fb:f2:83:10:c3:b8:d6:d8:55:32:3d:f1:bd:0f:bd:8c:52:95:4a:16:97:7a:52:21:63:75:2f:16:f9:c4:66:be:f5:b5:09:d8:ff:27:00:cd:44:7c:6f:4b:3f:b0:f7:
      *    rsa(e): 01:00:01:
      * X509v3 Basic Constraints: (critical)
      *   CA:TRUE,pathlen:0
      * X509v3 CRL Distribution Points: 
      *   , FullName:, URI:http://s1.symcb.com/pca3-g5.crl
      * X509v3 Key Usage: (critical)
      *   CertificateSign,CRLSign
      * Authority Information Access: 
      *   OCSP-URI:http://s2.symcb.com
      * X509v3 Certificate Policies: 
      *   Policy:2.16.840.1.113733.1.7.54, CPS:http://www.symauth.com/cps, UserNotice:, ExplicitText:http://www.symauth.com/rpa
      * X509v3 Subject Alternative Name: 
      *   DirName:/CN=SymantecPKI-1-534
      * X509v3 Subject Key Identifier: 
      *   5F:60:CF:61:90:55:DF:84:43:14:8A:60:2A:B2:F5:7A:F4:43:18:EF
      * X509v3 Authority Key Identifier: 
      *   keyid:7F:D3:65:A7:C2:DD:EC:BB:F0:30:09:F3:43:39:FA:02:AF:33:31:33
      *  Signature: 5e:94:56:49:dd:8e:2d:65:f5:c1:36:51:b6:03:e3:da:9e:73:19:f2:1f:59:ab:58:7e:6c:26:05:2c:fa:81:d7:5c:23:17:22:2c:37:93:f7:86:ec:85:e6:b0:a3:fd:1f:e2:32:a8:45:6f:e1:d9:fb:b9:af:d2:70:a0:32:42:65:bf:84:fe:16:2a:8f:3f:c5:a6:d6:a3:93:7d:43:e9:74:21:91:35:28:f4:63:e9:2e:ed:f7:f5:5c:7f:4b:9a:b5:20:e9:0a:bd:e0:45:10:0c:14:94:9a:5d:a5:e3:4b:91:e8:24:9b:46:40:65:f4:22:72:cd:99:f8:88:11:f5:f3:7f:e6:33:82:e6:a8:c5:7e:fe:d0:08:e2:25:58:08:71:68:e6:cd:a2:e6:14:de:4e:52:24:2d:fd:e5:79:13:53:e7:5e:2f:2d:4d:1b:6d:40:15:52:2b:f7:87:89:78:12:81:6e:d9:4d:aa:2d:78:d4:c2:2c:3d:08:5f:87:91:9e:1f:0e:b0:de:30:52:64:86:89:aa:9d:66:9c:0e:76:0c:80:f2:74:d8:2a:f8:b8:3a:ce:d7:d6:0f:11:be:6b:ab:14:f5:bd:41:a0:22:63:89:f1:ba:0f:6f:29:63:66:2d:3f:ac:8c:72:c5:fb:c7:e4:d4:0f:f2:3b:4f:8c:29:c7:
      * Server certificate:
      * 	 subject: C=NL; ST=Noord-Holland; L=Amsterdam Zuidoost; O=ING BANK N.V.; OU=ING BANK N.V.; CN=ideal.secure-ing.com
      * 	 start date: 2015-03-27 00:00:00 GMT
      * 	 expire date: 2017-04-21 23:59:59 GMT
      * 	 subjectAltName: ideal.secure-ing.com matched
      * 	 issuer: C=US; O=Symantec Corporation; OU=Symantec Trust Network; CN=Symantec Class 3 Secure Server CA - G4
      * 	 SSL certificate verify ok.
      > POST /ideal/iDEALv3 HTTP/1.1
      Host: ideal.secure-ing.com
      Accept: */*
      Content-Length: 1324
      Content-Type: application/x-www-form-urlencoded
      Expect: 100-continue
      
      * Done waiting for 100-continue
      < HTTP/1.1 200 OK
      < Date: Fri, 21 Oct 2016 08:38:00 GMT
      < RC: APP
      < PT: 66
      < Content-Type: text/xml;charset=utf-8
      < Content-Length: 2915
      < Strict-Transport-Security: max-age=31536000; includeSubDomains
      < Set-Cookie: TS017e1027=019907837906546138385fa1de4646c92ca7b6e6201738afd5d837663cce7e0b1b1a97a8e3; Path=/; Secure; HTTPOnly
      < 
      * Connection #0 to host ideal.secure-ing.com left intact
FILE: /home/hollandgold/domains/hollandgold.nl/public_html/idealcheckout/includes/library.php
LINE: 685

